{
  "stats": {
    "suites": 1,
    "tests": 2,
    "passes": 2,
    "pending": 0,
    "failures": 0,
    "start": "2021-07-16T06:34:34.542Z",
    "end": "2021-07-16T06:34:37.403Z",
    "duration": 2861,
    "testsRegistered": 2,
    "passPercent": 100,
    "pendingPercent": 0,
    "other": 0,
    "hasOther": false,
    "skipped": 0,
    "hasSkipped": false
  },
  "results": [
    {
      "uuid": "6b90abd6-138d-4f5b-8258-6e65c7b88607",
      "title": "",
      "fullFile": "cypress\\integration\\webdriver-uni\\autocomplete-dropdown-list.js",
      "file": "cypress\\integration\\webdriver-uni\\autocomplete-dropdown-list.js",
      "beforeHooks": [],
      "afterHooks": [],
      "tests": [],
      "suites": [
        {
          "uuid": "1190e914-dc37-429e-b123-ad8522a03465",
          "title": "Verify Autocomplete dropdown lists via webdriveruni",
          "fullFile": "",
          "file": "",
          "beforeHooks": [],
          "afterHooks": [],
          "tests": [
            {
              "title": "Select specific product via autocomplete list",
              "fullTitle": "Verify Autocomplete dropdown lists via webdriveruni Select specific product via autocomplete list",
              "timedOut": null,
              "duration": 1982,
              "state": "passed",
              "speed": "slow",
              "pass": true,
              "fail": false,
              "pending": false,
              "context": null,
              "code": "cy.visit('http://www.webdriveruniversity.com/');\ncy.get('#autocomplete-textfield').invoke('removeAttr', 'target').click({\n  force: true\n});\ncy.get('#myInput').type('A');\ncy.get('#myInputautocomplete-list > *').each(function ($el, index, $list) {\n  var prod = $el.text();\n  var productToSelect = 'Avacado';\n  if (prod === productToSelect) {\n    $el.click();\n    cy.get('#submit-button').click();\n    cy.url().should('include', productToSelect);\n  }\n}).then(function () {\n  cy.get('#myInput').type('G');\n  cy.get('#myInputautocomplete-list > *').each(function ($el, index, $list) {\n    var prod = $el.text();\n    var productToSelect = 'Grapes';\n    if (prod === productToSelect) {\n      $el.click();\n      cy.get('#submit-button').click();\n      cy.url().should('include', productToSelect);\n    }\n  });\n});",
              "err": {},
              "uuid": "78fda917-8d48-49d5-a626-4d179a8ec0f0",
              "parentUUID": "1190e914-dc37-429e-b123-ad8522a03465",
              "isHook": false,
              "skipped": false
            },
            {
              "title": "Select specific product via autocomplete list with G",
              "fullTitle": "Verify Autocomplete dropdown lists via webdriveruni Select specific product via autocomplete list with G",
              "timedOut": null,
              "duration": 848,
              "state": "passed",
              "speed": "slow",
              "pass": true,
              "fail": false,
              "pending": false,
              "context": null,
              "code": "cy.visit('http://www.webdriveruniversity.com/');\ncy.get('#autocomplete-textfield').invoke('removeAttr', 'target').click({\n  force: true\n});\ncy.get('#myInput').type('G');\ncy.get('#myInputautocomplete-list > *').each(function ($el, index, $list) {\n  var prod = $el.text();\n  var productToSelect = 'Grapes';\n  if (prod === productToSelect) {\n    $el.click();\n    cy.get('#submit-button').click();\n    cy.url().should('include', productToSelect);\n  }\n});",
              "err": {},
              "uuid": "c96a3dcf-42df-4aac-834e-e65b4b9b22ed",
              "parentUUID": "1190e914-dc37-429e-b123-ad8522a03465",
              "isHook": false,
              "skipped": false
            }
          ],
          "suites": [],
          "passes": [
            "78fda917-8d48-49d5-a626-4d179a8ec0f0",
            "c96a3dcf-42df-4aac-834e-e65b4b9b22ed"
          ],
          "failures": [],
          "pending": [],
          "skipped": [],
          "duration": 2830,
          "root": false,
          "rootEmpty": false,
          "_timeout": 2000
        }
      ],
      "passes": [],
      "failures": [],
      "pending": [],
      "skipped": [],
      "duration": 0,
      "root": true,
      "rootEmpty": true,
      "_timeout": 2000
    }
  ],
  "meta": {
    "mocha": {
      "version": "7.0.1"
    },
    "mochawesome": {
      "options": {
        "quiet": false,
        "reportFilename": "mochawesome",
        "saveHtml": false,
        "saveJson": true,
        "consoleReporter": "spec",
        "useInlineDiffs": false,
        "code": true
      },
      "version": "6.2.2"
    },
    "marge": {
      "options": {
        "id": "default",
        "reportDir": "cypress/results/mochawesome",
        "quite": true,
        "overwrite": false,
        "html": false,
        "json": true
      },
      "version": "5.2.0"
    }
  }
}