{
  "stats": {
    "suites": 1,
    "tests": 4,
    "passes": 4,
    "pending": 0,
    "failures": 0,
    "start": "2021-07-16T06:34:12.170Z",
    "end": "2021-07-16T06:34:22.587Z",
    "duration": 10417,
    "testsRegistered": 4,
    "passPercent": 100,
    "pendingPercent": 0,
    "other": 0,
    "hasOther": false,
    "skipped": 0,
    "hasSkipped": false
  },
  "results": [
    {
      "uuid": "21df65d5-008c-41a5-906e-e8c2ea5d933d",
      "title": "",
      "fullFile": "cypress\\integration\\automation-test-store\\iterate-over-elements.js",
      "file": "cypress\\integration\\automation-test-store\\iterate-over-elements.js",
      "beforeHooks": [],
      "afterHooks": [],
      "tests": [],
      "suites": [
        {
          "uuid": "b51f741d-4f95-4073-88cd-86936861f5e4",
          "title": "Iterate over elements",
          "fullFile": "",
          "file": "",
          "beforeHooks": [],
          "afterHooks": [],
          "tests": [
            {
              "title": "Log information of all hair care products ",
              "fullTitle": "Iterate over elements Log information of all hair care products ",
              "timedOut": null,
              "duration": 2472,
              "state": "passed",
              "speed": "slow",
              "pass": true,
              "fail": false,
              "pending": false,
              "context": null,
              "code": "cy.get('.fixed_wrapper .prdocutname').each(function ($el, index, $list) {\n  cy.log(\"Index: \" + index + \" : \" + $el.text());\n});",
              "err": {},
              "uuid": "0d8847e0-717f-4e5b-bdac-3f87983a57ea",
              "parentUUID": "b51f741d-4f95-4073-88cd-86936861f5e4",
              "isHook": false,
              "skipped": false
            },
            {
              "title": "Add specific product to basket",
              "fullTitle": "Iterate over elements Add specific product to basket",
              "timedOut": null,
              "duration": 2074,
              "state": "passed",
              "speed": "slow",
              "pass": true,
              "fail": false,
              "pending": false,
              "context": null,
              "code": "// cy.get('.fixed_wrapper .prdocutname').each(($el, index, $list) => {\n//     if($el.text().includes('Curls to straight Shampoo')) {\n//         cy.wrap($el).click()\n//     }\n// });\ncy.selectProduct('Curls to straight Shampoo');",
              "err": {},
              "uuid": "1dc5605e-52d5-4aa7-8884-e5bd61571247",
              "parentUUID": "b51f741d-4f95-4073-88cd-86936861f5e4",
              "isHook": false,
              "skipped": false
            },
            {
              "title": "Add another specific product to basket",
              "fullTitle": "Iterate over elements Add another specific product to basket",
              "timedOut": null,
              "duration": 2063,
              "state": "passed",
              "speed": "slow",
              "pass": true,
              "fail": false,
              "pending": false,
              "context": null,
              "code": "cy.selectProduct('Seaweed Conditioner');",
              "err": {},
              "uuid": "3cf4a2b5-1b81-4e11-b0c7-34ab7360bdb8",
              "parentUUID": "b51f741d-4f95-4073-88cd-86936861f5e4",
              "isHook": false,
              "skipped": false
            },
            {
              "title": "Add another one specific product to basket",
              "fullTitle": "Iterate over elements Add another one specific product to basket",
              "timedOut": null,
              "duration": 2601,
              "state": "passed",
              "speed": "slow",
              "pass": true,
              "fail": false,
              "pending": false,
              "context": null,
              "code": "cy.selectProduct('Eau Parfumee au The Vert Shampoo');",
              "err": {},
              "uuid": "2b48b391-6770-420c-b293-5b2463d68740",
              "parentUUID": "b51f741d-4f95-4073-88cd-86936861f5e4",
              "isHook": false,
              "skipped": false
            }
          ],
          "suites": [],
          "passes": [
            "0d8847e0-717f-4e5b-bdac-3f87983a57ea",
            "1dc5605e-52d5-4aa7-8884-e5bd61571247",
            "3cf4a2b5-1b81-4e11-b0c7-34ab7360bdb8",
            "2b48b391-6770-420c-b293-5b2463d68740"
          ],
          "failures": [],
          "pending": [],
          "skipped": [],
          "duration": 9210,
          "root": false,
          "rootEmpty": false,
          "_timeout": 2000
        }
      ],
      "passes": [],
      "failures": [],
      "pending": [],
      "skipped": [],
      "duration": 0,
      "root": true,
      "rootEmpty": true,
      "_timeout": 2000
    }
  ],
  "meta": {
    "mocha": {
      "version": "7.0.1"
    },
    "mochawesome": {
      "options": {
        "quiet": false,
        "reportFilename": "mochawesome",
        "saveHtml": false,
        "saveJson": true,
        "consoleReporter": "spec",
        "useInlineDiffs": false,
        "code": true
      },
      "version": "6.2.2"
    },
    "marge": {
      "options": {
        "id": "default",
        "reportDir": "cypress/results/mochawesome",
        "quite": true,
        "overwrite": false,
        "html": false,
        "json": true
      },
      "version": "5.2.0"
    }
  }
}