{
  "stats": {
    "suites": 1,
    "tests": 1,
    "passes": 1,
    "pending": 0,
    "failures": 0,
    "start": "2021-07-16T06:33:51.767Z",
    "end": "2021-07-16T06:33:58.630Z",
    "duration": 6863,
    "testsRegistered": 1,
    "passPercent": 100,
    "pendingPercent": 0,
    "other": 0,
    "hasOther": false,
    "skipped": 0,
    "hasSkipped": false
  },
  "results": [
    {
      "uuid": "69586900-3eb4-4414-9ea3-9dd667d61292",
      "title": "",
      "fullFile": "cypress\\integration\\automation-test-store\\contact-us.js",
      "file": "cypress\\integration\\automation-test-store\\contact-us.js",
      "beforeHooks": [],
      "afterHooks": [],
      "tests": [],
      "suites": [
        {
          "uuid": "17ca2559-4705-4a36-85f0-e80759f8249a",
          "title": "Test Contact Us via Automation test store",
          "fullFile": "",
          "file": "",
          "beforeHooks": [],
          "afterHooks": [],
          "tests": [
            {
              "title": "Should be able to submit a successful submission via contact us form",
              "fullTitle": "Test Contact Us via Automation test store Should be able to submit a successful submission via contact us form",
              "timedOut": null,
              "duration": 5030,
              "state": "passed",
              "speed": "slow",
              "pass": true,
              "fail": false,
              "pending": false,
              "context": null,
              "code": "cy.visit(\"https://www.automationteststore.com/\"); //cy.get('.info_links_footer > :nth-child(5) > a').click();\ncy.get(\"a[href$='contact']\").click().then(function (contactUsText) {\n  cy.log(\"Clicked on link using \" + contactUsText.text());\n}); //cy.xpath(\"//a[contains(@href, 'contact')]\").click();\ncy.get(\"@user\").then(function (user) {\n  cy.get('#ContactUsFrm_first_name').type(user.first_name);\n  cy.get('#ContactUsFrm_email').type(user.email);\n});\ncy.get('#ContactUsFrm_email').should('have.attr', 'name', 'email');\ncy.get('#ContactUsFrm_enquiry').type(\"Do you provide additional discount on bulk orders?\");\ncy.get(\"button[title='Submit']\").click();\ncy.get('.mb40 > :nth-child(3)').should('have.text', 'Your enquiry has been successfully sent to the store owner!');\ncy.log(\"Test has completed!\");",
              "err": {},
              "uuid": "7d13b252-c7a5-4dac-948b-c0c0b1d8e0a0",
              "parentUUID": "17ca2559-4705-4a36-85f0-e80759f8249a",
              "isHook": false,
              "skipped": false
            }
          ],
          "suites": [],
          "passes": [
            "7d13b252-c7a5-4dac-948b-c0c0b1d8e0a0"
          ],
          "failures": [],
          "pending": [],
          "skipped": [],
          "duration": 5030,
          "root": false,
          "rootEmpty": false,
          "_timeout": 2000
        }
      ],
      "passes": [],
      "failures": [],
      "pending": [],
      "skipped": [],
      "duration": 0,
      "root": true,
      "rootEmpty": true,
      "_timeout": 2000
    }
  ],
  "meta": {
    "mocha": {
      "version": "7.0.1"
    },
    "mochawesome": {
      "options": {
        "quiet": false,
        "reportFilename": "mochawesome",
        "saveHtml": false,
        "saveJson": true,
        "consoleReporter": "spec",
        "useInlineDiffs": false,
        "code": true
      },
      "version": "6.2.2"
    },
    "marge": {
      "options": {
        "id": "default",
        "reportDir": "cypress/results/mochawesome",
        "quite": true,
        "overwrite": false,
        "html": false,
        "json": true
      },
      "version": "5.2.0"
    }
  }
}