{
  "stats": {
    "suites": 1,
    "tests": 2,
    "passes": 2,
    "pending": 0,
    "failures": 0,
    "start": "2021-07-16T06:34:54.560Z",
    "end": "2021-07-16T06:35:06.235Z",
    "duration": 11675,
    "testsRegistered": 2,
    "passPercent": 100,
    "pendingPercent": 0,
    "other": 0,
    "hasOther": false,
    "skipped": 0,
    "hasSkipped": false
  },
  "results": [
    {
      "uuid": "d1e52d40-17ed-4e5b-a687-38d2187a4278",
      "title": "",
      "fullFile": "cypress\\integration\\webdriver-uni\\contact-us.js",
      "file": "cypress\\integration\\webdriver-uni\\contact-us.js",
      "beforeHooks": [],
      "afterHooks": [],
      "tests": [],
      "suites": [
        {
          "uuid": "ad5a1fa7-08c5-4d44-882f-6fd46b7436be",
          "title": "Test Contact Us via WebdriverUni",
          "fullFile": "",
          "file": "",
          "beforeHooks": [],
          "afterHooks": [],
          "tests": [
            {
              "title": "Should be able to submit a successful submission via contact us form",
              "fullTitle": "Test Contact Us via WebdriverUni Should be able to submit a successful submission via contact us form",
              "timedOut": null,
              "duration": 6623,
              "state": "passed",
              "speed": "slow",
              "pass": true,
              "fail": false,
              "pending": false,
              "context": null,
              "code": "//        cy.get('#contact-us').click({force: true})\n//   cy.visit('http://www.webdriveruniversity.com/Contact-Us/contactus.html');\ncy.document().should('have.property', 'charset').and('eq', 'UTF-8');\ncy.title().should('include', 'WebDriver | Contact Us');\ncy.url().should('include', 'contactus'); // cy.get('[name=\"first_name\"]').type(data.first_name);\n// cy.get('[name=\"last_name\"]').type(data.last_name);\n// cy.get('[name=\"email\"]').type(data.email);\n// cy.get('textarea.feedback-input').type('We need more practice with cypress');\n// cy.get('[type=\"submit\"]').click();\n// cy.get('h1').should('have.text', 'Thank You for your Message!')\n// cy.webdriverUni_ContactForm_Submission(data.first_name, data.last_name, data.email, 'We need more practice with cypress', 'h1', 'Thank You for your Message!')\n//   cy.webdriverUni_ContactForm_Submission(Cypress.env(\"first_name\"), data.last_name, data.email, 'We need more practice with cypress', 'h1', 'Thank You for your Message!')\n// const contact_Us_PO = new Contact_Us_PO();\ncontact_Us_PO.contactForm_Submission(Cypress.env(\"first_name\"), data.last_name, data.email, 'We need more practice with cypress', 'h1', 'Thank You for your Message!');",
              "err": {},
              "uuid": "f33d075a-3b9e-4229-850d-99a104b13dd4",
              "parentUUID": "ad5a1fa7-08c5-4d44-882f-6fd46b7436be",
              "isHook": false,
              "skipped": false
            },
            {
              "title": "Should not be able to submit a successful submission via contact us form as all fields are required",
              "fullTitle": "Test Contact Us via WebdriverUni Should not be able to submit a successful submission via contact us form as all fields are required",
              "timedOut": null,
              "duration": 4956,
              "state": "passed",
              "speed": "slow",
              "pass": true,
              "fail": false,
              "pending": false,
              "context": null,
              "code": "//  cy.visit('http://www.webdriveruniversity.com/Contact-Us/contactus.html');\n// cy.get('[name=\"first_name\"]').type(data.first_name);\n// cy.get('[name=\"last_name\"]').type(data.last_name);\n// cy.get('textarea.feedback-input').type('We need more practice with cypress');\n// cy.get('[type=\"submit\"]').click();\n// cy.get('body').contains('Error: Invalid email address')\n// const contact_Us_PO = new Contact_Us_PO();\ncontact_Us_PO.contactForm_Submission(data.first_name, data.last_name, \" \", 'We need more practice with cypress', 'body', 'Error: Invalid email address'); //   cy.webdriverUni_ContactForm_Submission(data.first_name, data.last_name, \" \", 'We need more practice with cypress', 'body', 'Error: Invalid email address')",
              "err": {},
              "uuid": "c273dd94-aeaf-4b96-b142-b604c87c80c2",
              "parentUUID": "ad5a1fa7-08c5-4d44-882f-6fd46b7436be",
              "isHook": false,
              "skipped": false
            }
          ],
          "suites": [],
          "passes": [
            "f33d075a-3b9e-4229-850d-99a104b13dd4",
            "c273dd94-aeaf-4b96-b142-b604c87c80c2"
          ],
          "failures": [],
          "pending": [],
          "skipped": [],
          "duration": 11579,
          "root": false,
          "rootEmpty": false,
          "_timeout": 2000
        }
      ],
      "passes": [],
      "failures": [],
      "pending": [],
      "skipped": [],
      "duration": 0,
      "root": true,
      "rootEmpty": true,
      "_timeout": 2000
    }
  ],
  "meta": {
    "mocha": {
      "version": "7.0.1"
    },
    "mochawesome": {
      "options": {
        "quiet": false,
        "reportFilename": "mochawesome",
        "saveHtml": false,
        "saveJson": true,
        "consoleReporter": "spec",
        "useInlineDiffs": false,
        "code": true
      },
      "version": "6.2.2"
    },
    "marge": {
      "options": {
        "id": "default",
        "reportDir": "cypress/results/mochawesome",
        "quite": true,
        "overwrite": false,
        "html": false,
        "json": true
      },
      "version": "5.2.0"
    }
  }
}