{
  "stats": {
    "suites": 1,
    "tests": 1,
    "passes": 1,
    "pending": 0,
    "failures": 0,
    "start": "2021-07-16T06:35:17.373Z",
    "end": "2021-07-16T06:35:20.285Z",
    "duration": 2912,
    "testsRegistered": 1,
    "passPercent": 100,
    "pendingPercent": 0,
    "other": 0,
    "hasOther": false,
    "skipped": 0,
    "hasSkipped": false
  },
  "results": [
    {
      "uuid": "27e9f3e6-96d4-4d36-a93a-d28be9b28279",
      "title": "",
      "fullFile": "cypress\\integration\\webdriver-uni\\datepicker.js",
      "file": "cypress\\integration\\webdriver-uni\\datepicker.js",
      "beforeHooks": [],
      "afterHooks": [],
      "tests": [],
      "suites": [
        {
          "uuid": "7e891490-dfb7-43fa-b28e-2e5e983af746",
          "title": "Test Datepicker via webdriveruni",
          "fullFile": "",
          "file": "",
          "beforeHooks": [],
          "afterHooks": [],
          "tests": [
            {
              "title": "Select date from the datepicker",
              "fullTitle": "Test Datepicker via webdriveruni Select date from the datepicker",
              "timedOut": null,
              "duration": 2887,
              "state": "passed",
              "speed": "slow",
              "pass": true,
              "fail": false,
              "pending": false,
              "context": null,
              "code": "cy.visit('http://www.webdriveruniversity.com/');\ncy.get('#datepicker').invoke('removeAttr', 'target').click({\n  force: true\n});\ncy.get('#datepicker').click(); // let date = new Date();\n// date.setDate(date.getDate()) \n// cy.log(date.getDate()) //get current day i.e. 22\n// let date2 = new Date();\n// date2.setDate(date.getDate() + 5)\n// cy.log(date2.getDate()) //get current day i.e. 22 + 5 = 27\nvar date = new Date();\ndate.setDate(date.getDate() + 400);\nvar futureYear = date.getFullYear();\nvar futureMonth = date.toLocaleString(\"default\", {\n  month: \"long\"\n});\nvar futureDay = date.getDate();\ncy.log(\"Future year to select: \" + futureYear);\ncy.log(\"Future month to select: \" + futureMonth);\ncy.log(\"Future day to select: \" + futureDay);\nfunction selectMonthAndYear() {\n  cy.get('.datepicker-dropdown').find('.datepicker-switch').first().then(function (currentDate) {\n    if (!currentDate.text().includes(futureYear)) {\n      cy.get('.next').first().click();\n      selectMonthAndYear();\n    }\n  }).then(function () {\n    cy.get('.datepicker-dropdown').find('.datepicker-switch').first().then(function (currentDate) {\n      if (!currentDate.text().includes(futureYear)) {\n        cy.get('.next').first().click();\n        selectMonthAndYear();\n      }\n    });\n  });\n}\nfunction selectFutureDay() {\n  cy.get('[class=\"day\"]').contains(futureDay).click();\n}\nselectMonthAndYear();\nselectFutureDay();",
              "err": {},
              "uuid": "e7a7b8d2-1ed3-4fb2-8051-b4a74404afd6",
              "parentUUID": "7e891490-dfb7-43fa-b28e-2e5e983af746",
              "isHook": false,
              "skipped": false
            }
          ],
          "suites": [],
          "passes": [
            "e7a7b8d2-1ed3-4fb2-8051-b4a74404afd6"
          ],
          "failures": [],
          "pending": [],
          "skipped": [],
          "duration": 2887,
          "root": false,
          "rootEmpty": false,
          "_timeout": 2000
        }
      ],
      "passes": [],
      "failures": [],
      "pending": [],
      "skipped": [],
      "duration": 0,
      "root": true,
      "rootEmpty": true,
      "_timeout": 2000
    }
  ],
  "meta": {
    "mocha": {
      "version": "7.0.1"
    },
    "mochawesome": {
      "options": {
        "quiet": false,
        "reportFilename": "mochawesome",
        "saveHtml": false,
        "saveJson": true,
        "consoleReporter": "spec",
        "useInlineDiffs": false,
        "code": true
      },
      "version": "6.2.2"
    },
    "marge": {
      "options": {
        "id": "default",
        "reportDir": "cypress/results/mochawesome",
        "quite": true,
        "overwrite": false,
        "html": false,
        "json": true
      },
      "version": "5.2.0"
    }
  }
}